0 info it worked if it ends with ok
1 verbose cli [ 'C:\\Program Files\\nodejs\\\\node.exe',
1 verbose cli   'C:\\Program Files\\nodejs\\node_modules\\npm\\bin\\npm-cli.js',
1 verbose cli   'install',
1 verbose cli   'sequelize',
1 verbose cli   '3.4.1' ]
2 info using npm@1.4.28
3 info using node@v0.10.33
4 verbose node symlink C:\Program Files\nodejs\\node.exe
5 warn package.json g@2.0.0 No README data
6 warn package.json underscore@1.8.3 No README data
7 verbose readDependencies using package.json deps
8 verbose cache add [ 'sequelize@^3.14.2', null ]
9 verbose cache add name=undefined spec="sequelize@^3.14.2" args=["sequelize@^3.14.2",null]
10 verbose parsed url { protocol: null,
10 verbose parsed url   slashes: null,
10 verbose parsed url   auth: null,
10 verbose parsed url   host: null,
10 verbose parsed url   port: null,
10 verbose parsed url   hostname: null,
10 verbose parsed url   hash: null,
10 verbose parsed url   search: null,
10 verbose parsed url   query: null,
10 verbose parsed url   pathname: 'sequelize@^3.14.2',
10 verbose parsed url   path: 'sequelize@^3.14.2',
10 verbose parsed url   href: 'sequelize@^3.14.2' }
11 verbose cache add [ '3.4.1', null ]
12 verbose cache add name=undefined spec="3.4.1" args=["3.4.1",null]
13 verbose parsed url { protocol: null,
13 verbose parsed url   slashes: null,
13 verbose parsed url   auth: null,
13 verbose parsed url   host: null,
13 verbose parsed url   port: null,
13 verbose parsed url   hostname: null,
13 verbose parsed url   hash: null,
13 verbose parsed url   search: null,
13 verbose parsed url   query: null,
13 verbose parsed url   pathname: '3.4.1',
13 verbose parsed url   path: '3.4.1',
13 verbose parsed url   href: '3.4.1' }
14 verbose cache add name="sequelize" spec="^3.14.2" args=["sequelize","^3.14.2"]
15 verbose parsed url { protocol: null,
15 verbose parsed url   slashes: null,
15 verbose parsed url   auth: null,
15 verbose parsed url   host: null,
15 verbose parsed url   port: null,
15 verbose parsed url   hostname: null,
15 verbose parsed url   hash: null,
15 verbose parsed url   search: null,
15 verbose parsed url   query: null,
15 verbose parsed url   pathname: '^3.14.2',
15 verbose parsed url   path: '^3.14.2',
15 verbose parsed url   href: '^3.14.2' }
16 verbose addNamed [ 'sequelize', '^3.14.2' ]
17 verbose addNamed [ null, '>=3.14.2-0 <4.0.0-0' ]
18 silly lockFile 4cbbeb3a-sequelize-3-14-2 sequelize@^3.14.2
19 verbose lock sequelize@^3.14.2 C:\Users\Nick\AppData\Roaming\npm-cache\4cbbeb3a-sequelize-3-14-2.lock
20 silly lockFile 42aae595-3-4-1 3.4.1
21 verbose lock 3.4.1 C:\Users\Nick\AppData\Roaming\npm-cache\42aae595-3-4-1.lock
22 silly addNameRange { name: 'sequelize',
22 silly addNameRange   range: '>=3.14.2-0 <4.0.0-0',
22 silly addNameRange   hasData: false }
23 silly lockFile 42aae595-3-4-1 3.4.1
24 silly lockFile 42aae595-3-4-1 3.4.1
25 verbose addNamed [ '3.4.1', '' ]
26 verbose addNamed [ null, '*' ]
27 silly lockFile 65a6d2d8-3-4-1 3.4.1@
28 verbose lock 3.4.1@ C:\Users\Nick\AppData\Roaming\npm-cache\65a6d2d8-3-4-1.lock
29 verbose request where is /sequelize
30 verbose request registry https://registry.npmjs.org/
31 verbose request id 46d60c98ae8d9d16
32 verbose url raw /sequelize
33 verbose url resolving [ 'https://registry.npmjs.org/', './sequelize' ]
34 verbose url resolved https://registry.npmjs.org/sequelize
35 verbose request where is https://registry.npmjs.org/sequelize
36 info trying registry request attempt 1 at 10:39:59
37 verbose etag "AGQJ7A2GQCJ9CCTMGIRM1GA2E"
38 http GET https://registry.npmjs.org/sequelize
39 silly addNameRange { name: '3.4.1', range: '*', hasData: false }
40 verbose request where is /3.4.1
41 verbose request registry https://registry.npmjs.org/
42 verbose url raw /3.4.1
43 verbose url resolving [ 'https://registry.npmjs.org/', './3.4.1' ]
44 verbose url resolved https://registry.npmjs.org/3.4.1
45 verbose request where is https://registry.npmjs.org/3.4.1
46 info trying registry request attempt 1 at 10:39:59
47 http GET https://registry.npmjs.org/3.4.1
48 http 304 https://registry.npmjs.org/sequelize
49 silly registry.get cb [ 304,
49 silly registry.get   { date: 'Thu, 03 Dec 2015 08:39:55 GMT',
49 silly registry.get     via: '1.1 varnish',
49 silly registry.get     'cache-control': 'max-age=60',
49 silly registry.get     etag: '"AGQJ7A2GQCJ9CCTMGIRM1GA2E"',
49 silly registry.get     age: '16',
49 silly registry.get     connection: 'keep-alive',
49 silly registry.get     'x-served-by': 'cache-fra1228-FRA',
49 silly registry.get     'x-cache': 'HIT',
49 silly registry.get     'x-cache-hits': '1',
49 silly registry.get     'x-timer': 'S1449131995.323979,VS0,VE1',
49 silly registry.get     vary: 'Accept' } ]
50 verbose etag https://registry.npmjs.org/sequelize from cache
51 silly addNameRange number 2 { name: 'sequelize',
51 silly addNameRange   range: '>=3.14.2-0 <4.0.0-0',
51 silly addNameRange   hasData: true }
52 silly addNameRange versions [ 'sequelize',
52 silly addNameRange   [ '0.2.2',
52 silly addNameRange     '0.2.3',
52 silly addNameRange     '0.2.4',
52 silly addNameRange     '0.2.5',
52 silly addNameRange     '0.2.6',
52 silly addNameRange     '0.3.0',
52 silly addNameRange     '0.4.0',
52 silly addNameRange     '0.4.1',
52 silly addNameRange     '0.4.2',
52 silly addNameRange     '0.4.3',
52 silly addNameRange     '1.0.0',
52 silly addNameRange     '1.0.1',
52 silly addNameRange     '1.0.2',
52 silly addNameRange     '1.1.0',
52 silly addNameRange     '1.1.1',
52 silly addNameRange     '1.1.2',
52 silly addNameRange     '1.1.3',
52 silly addNameRange     '1.1.4',
52 silly addNameRange     '1.2.0',
52 silly addNameRange     '1.2.1',
52 silly addNameRange     '1.3.0',
52 silly addNameRange     '1.3.1',
52 silly addNameRange     '1.3.2',
52 silly addNameRange     '1.3.3',
52 silly addNameRange     '1.3.4',
52 silly addNameRange     '1.3.5',
52 silly addNameRange     '1.3.6',
52 silly addNameRange     '1.3.7',
52 silly addNameRange     '1.4.0',
52 silly addNameRange     '1.4.1',
52 silly addNameRange     '1.5.0-alpha',
52 silly addNameRange     '1.5.0-beta',
52 silly addNameRange     '1.5.0-beta-2',
52 silly addNameRange     '1.5.0',
52 silly addNameRange     '1.6.0-alpha-1',
52 silly addNameRange     '1.6.0-alpha-2',
52 silly addNameRange     '1.6.0-alpha-3',
52 silly addNameRange     '1.6.0-beta-1',
52 silly addNameRange     '1.6.0-beta-2',
52 silly addNameRange     '1.6.0-beta-3',
52 silly addNameRange     '1.6.0-beta4',
52 silly addNameRange     '1.6.0',
52 silly addNameRange     '1.7.0-alpha1',
52 silly addNameRange     '1.7.0-alpha2',
52 silly addNameRange     '2.0.0-alpha1',
52 silly addNameRange     '2.0.0-alpha2',
52 silly addNameRange     '1.7.0-alpha3',
52 silly addNameRange     '2.0.0-alpha3',
52 silly addNameRange     '1.7.0-beta.0',
52 silly addNameRange     '2.0.0-beta.0',
52 silly addNameRange     '1.7.0-beta.1',
52 silly addNameRange     '2.0.0-beta.1',
52 silly addNameRange     '1.7.0-beta.2',
52 silly addNameRange     '2.0.0-beta.2',
52 silly addNameRange     '1.7.0-beta.3b',
52 silly addNameRange     '2.0.0-beta.3',
52 silly addNameRange     '1.7.0-beta.4a',
52 silly addNameRange     '2.0.0-beta.4',
52 silly addNameRange     '1.7.0-beta.5',
52 silly addNameRange     '2.0.0-beta.5',
52 silly addNameRange     '1.7.0-beta6',
52 silly addNameRange     '2.0.0-beta.6',
52 silly addNameRange     '1.7.0-beta7',
52 silly addNameRange     '2.0.0-beta.7',
52 silly addNameRange     '2.0.0-beta.8',
52 silly addNameRange     '1.7.0-beta8',
52 silly addNameRange     '1.7.0-rc1',
52 silly addNameRange     '2.0.0-dev1',
52 silly addNameRange     '1.7.0-rc2',
52 silly addNameRange     '2.0.0-dev2',
52 silly addNameRange     '1.7.0-rc3',
52 silly addNameRange     '2.0.0-dev3',
52 silly addNameRange     '1.7.0-rc4',
52 silly addNameRange     '2.0.0-dev4',
52 silly addNameRange     '2.0.0-dev5',
52 silly addNameRange     '1.7.0-rc5',
52 silly addNameRange     '1.7.0-rc6',
52 silly addNameRange     '2.0.0-dev6',
52 silly addNameRange     '2.0.0-dev7',
52 silly addNameRange     '1.7.0-rc7',
52 silly addNameRange     '2.0.0-dev8',
52 silly addNameRange     '1.7.0-rc8',
52 silly addNameRange     '1.7.0-rc9',
52 silly addNameRange     '2.0.0-dev9',
52 silly addNameRange     '2.0.0-dev10',
52 silly addNameRange     '1.7.0',
52 silly addNameRange     '1.7.1',
52 silly addNameRange     '1.7.2',
52 silly addNameRange     '1.7.3',
52 silly addNameRange     '2.0.0-dev11',
52 silly addNameRange     '1.7.4',
52 silly addNameRange     '1.7.5',
52 silly addNameRange     '1.7.7',
52 silly addNameRange     '1.7.8',
52 silly addNameRange     '1.7.9',
52 silly addNameRange     '2.0.0-dev12',
52 silly addNameRange     '1.7.10',
52 silly addNameRange     '2.0.0-dev13',
52 silly addNameRange     '2.0.0-rc1',
52 silly addNameRange     '2.0.0-rc2',
52 silly addNameRange     '2.0.0-rc3',
52 silly addNameRange     '2.0.0-rc4',
52 silly addNameRange     '2.0.0-rc5',
52 silly addNameRange     '2.0.0-rc6',
52 silly addNameRange     '2.0.0-rc7',
52 silly addNameRange     '2.0.0-rc8',
52 silly addNameRange     '2.0.0',
52 silly addNameRange     '2.0.1',
52 silly addNameRange     '2.0.2',
52 silly addNameRange     '2.0.3',
52 silly addNameRange     '2.0.4',
52 silly addNameRange     '2.0.5',
52 silly addNameRange     '2.0.6',
52 silly addNameRange     '2.1.0',
52 silly addNameRange     '2.1.1',
52 silly addNameRange     '2.1.2',
52 silly addNameRange     '2.1.3',
52 silly addNameRange     '3.0.0',
52 silly addNameRange     '3.0.1',
52 silly addNameRange     '3.1.0',
52 silly addNameRange     '3.1.1',
52 silly addNameRange     '3.2.0',
52 silly addNameRange     '1.7.11',
52 silly addNameRange     '3.3.0',
52 silly addNameRange     '3.3.1',
52 silly addNameRange     '3.3.2',
52 silly addNameRange     '3.4.0',
52 silly addNameRange     '3.4.1',
52 silly addNameRange     '3.5.0',
52 silly addNameRange     '3.5.1',
52 silly addNameRange     '3.6.0',
52 silly addNameRange     '3.7.0',
52 silly addNameRange     '3.7.1',
52 silly addNameRange     '3.8.0',
52 silly addNameRange     '3.9.0',
52 silly addNameRange     '3.10.0',
52 silly addNameRange     '3.11.0',
52 silly addNameRange     '3.12.0',
52 silly addNameRange     '3.12.1',
52 silly addNameRange     '3.12.2',
52 silly addNameRange     '3.13.0',
52 silly addNameRange     '3.14.0',
52 silly addNameRange     '3.14.1',
52 silly addNameRange     '3.14.2' ] ]
53 verbose addNamed [ 'sequelize', '3.14.2' ]
54 verbose addNamed [ '3.14.2', '3.14.2' ]
55 silly lockFile 300aa270-sequelize-3-14-2 sequelize@3.14.2
56 verbose lock sequelize@3.14.2 C:\Users\Nick\AppData\Roaming\npm-cache\300aa270-sequelize-3-14-2.lock
57 silly lockFile 300aa270-sequelize-3-14-2 sequelize@3.14.2
58 silly lockFile 300aa270-sequelize-3-14-2 sequelize@3.14.2
59 silly lockFile 4cbbeb3a-sequelize-3-14-2 sequelize@^3.14.2
60 silly lockFile 4cbbeb3a-sequelize-3-14-2 sequelize@^3.14.2
61 http 404 https://registry.npmjs.org/3.4.1
62 silly registry.get cb [ 404,
62 silly registry.get   { 'content-type': 'application/json',
62 silly registry.get     'cache-control': 'max-age=0',
62 silly registry.get     'content-length': '2',
62 silly registry.get     'accept-ranges': 'bytes',
62 silly registry.get     date: 'Thu, 03 Dec 2015 08:39:55 GMT',
62 silly registry.get     via: '1.1 varnish',
62 silly registry.get     age: '0',
62 silly registry.get     connection: 'keep-alive',
62 silly registry.get     'x-served-by': 'cache-fra1236-FRA',
62 silly registry.get     'x-cache': 'MISS',
62 silly registry.get     'x-cache-hits': '0',
62 silly registry.get     'x-timer': 'S1449131995.591233,VS0,VE222' } ]
63 silly lockFile 65a6d2d8-3-4-1 3.4.1@
64 silly lockFile 65a6d2d8-3-4-1 3.4.1@
65 error 404 Not Found
65 error 404
65 error 404 '3.4.1' is not in the npm registry.
65 error 404 You should bug the author to publish it
65 error 404 It was specified as a dependency of 'ng-EShop'
65 error 404
65 error 404 Note that you can also install from a
65 error 404 tarball, folder, or http url, or git url.
66 error System Windows_NT 6.1.7601
67 error command "C:\\Program Files\\nodejs\\\\node.exe" "C:\\Program Files\\nodejs\\node_modules\\npm\\bin\\npm-cli.js" "install" "sequelize" "3.4.1"
68 error cwd C:\Projects\ng-EShop
69 error node -v v0.10.33
70 error npm -v 1.4.28
71 error code E404
72 verbose exit [ 1, true ]
